<?xml version="1.0" encoding="UTF-8"?>
<testsuite name="com.arthenica.ffmpegkit.FFmpegKitConfigTest" tests="4" skipped="0" failures="0" errors="0" timestamp="2025-06-06T14:50:51.152Z" hostname="mac2024.local" time="0.003">
  <properties/>
  <testcase name="extractExtensionFromSafDisplayName" classname="com.arthenica.ffmpegkit.FFmpegKitConfigTest" time="0.002"/>
  <testcase name="getPackageName" classname="com.arthenica.ffmpegkit.FFmpegKitConfigTest" time="0.0"/>
  <testcase name="setSessionHistorySize" classname="com.arthenica.ffmpegkit.FFmpegKitConfigTest" time="0.001"/>
  <testcase name="getExternalLibraries" classname="com.arthenica.ffmpegkit.FFmpegKitConfigTest" time="0.0"/>
  <system-out><![CDATA[]]></system-out>
  <system-err><![CDATA[]]></system-err>
</testsuite>
